c:\_projects\getprogramlistgetuserresultname - copy\simplepost\simplepost\release\getuserlist.pch
c:\_projects\getprogramlistgetuserresultname - copy\simplepost\simplepost\release\vc141.pdb
c:\_projects\getprogramlistgetuserresultname - copy\simplepost\simplepost\release\stdafx.obj
c:\_projects\getprogramlistgetuserresultname - copy\simplepost\simplepost\release\simplepost.obj
c:\_projects\getprogramlistgetuserresultname - copy\simplepost\release\getuserlist.ipdb
c:\_projects\getprogramlistgetuserresultname - copy\simplepost\release\getuserlist.iobj
c:\_projects\getprogramlistgetuserresultname - copy\simplepost\release\getuserlist.exe
c:\_projects\getprogramlistgetuserresultname - copy\simplepost\release\getuserlist.pdb
c:\_projects\getuserlist\simplepost\simplepost\release\simplepost.obj
c:\_projects\getuserlist\simplepost\simplepost\release\stdafx.obj
c:\_projects\getuserlist\simplepost\simplepost\release\getuserlist.pch
c:\_projects\getuserlist\simplepost\simplepost\release\vc141.pdb
c:\_projects\getuserlist\simplepost\release\getuserlist.pdb
c:\_projects\getuserlist\simplepost\release\getuserlist.exe
c:\_projects\getuserlist\simplepost\simplepost\release\getuserlist.tlog\cl.command.1.tlog
c:\_projects\getuserlist\simplepost\simplepost\release\getuserlist.tlog\cl.read.1.tlog
c:\_projects\getuserlist\simplepost\simplepost\release\getuserlist.tlog\cl.write.1.tlog
c:\_projects\getuserlist\simplepost\simplepost\release\getuserlist.tlog\getuserlist.write.1u.tlog
c:\_projects\getuserlist\simplepost\simplepost\release\getuserlist.tlog\link.command.1.tlog
c:\_projects\getuserlist\simplepost\simplepost\release\getuserlist.tlog\link.read.1.tlog
c:\_projects\getuserlist\simplepost\simplepost\release\getuserlist.tlog\link.write.1.tlog
