c:\_projects\getprogramlistgetuserresultname - copy\simplepost\simplepost\debug\getuserlist.pch
c:\_projects\getprogramlistgetuserresultname - copy\simplepost\simplepost\debug\vc141.pdb
c:\_projects\getprogramlistgetuserresultname - copy\simplepost\simplepost\debug\vc141.idb
c:\_projects\getprogramlistgetuserresultname - copy\simplepost\simplepost\debug\stdafx.obj
c:\_projects\getprogramlistgetuserresultname - copy\simplepost\simplepost\debug\simplepost.obj
c:\_projects\getprogramlistgetuserresultname - copy\simplepost\debug\getuserlist.ilk
c:\_projects\getprogramlistgetuserresultname - copy\simplepost\debug\getuserlist.exe
c:\_projects\getprogramlistgetuserresultname - copy\simplepost\debug\getuserlist.pdb
c:\_projects\getuserlist\simplepost\simplepost\debug\simplepost.obj
c:\_projects\getuserlist\simplepost\simplepost\debug\stdafx.obj
c:\_projects\getuserlist\simplepost\simplepost\debug\getuserlist.pch
c:\_projects\getuserlist\simplepost\simplepost\debug\vc141.idb
c:\_projects\getuserlist\simplepost\simplepost\debug\vc141.pdb
c:\_projects\getuserlist\simplepost\debug\getuserlist.pdb
c:\_projects\getuserlist\simplepost\debug\getuserlist.exe
c:\_projects\getuserlist\simplepost\debug\getuserlist.ilk
c:\_projects\getuserlist\simplepost\simplepost\debug\getuserlist.tlog\cl.command.1.tlog
c:\_projects\getuserlist\simplepost\simplepost\debug\getuserlist.tlog\cl.read.1.tlog
c:\_projects\getuserlist\simplepost\simplepost\debug\getuserlist.tlog\cl.write.1.tlog
c:\_projects\getuserlist\simplepost\simplepost\debug\getuserlist.tlog\link.command.1.tlog
c:\_projects\getuserlist\simplepost\simplepost\debug\getuserlist.tlog\link.read.1.tlog
c:\_projects\getuserlist\simplepost\simplepost\debug\getuserlist.tlog\link.write.1.tlog
